{
  "RSpec": {
    "coverage": {
      "/Users/shaohuali/local/courses/csci3100_SoftwareEngineering/course_csci3100_software_engineering/2026spring/demo/08-TDD/moovover/app/helpers/application_helper.rb": {
        "lines": [
          1,
          null
        ],
        "branches": {}
      },
      "/Users/shaohuali/local/courses/csci3100_SoftwareEngineering/course_csci3100_software_engineering/2026spring/demo/08-TDD/moovover/app/helpers/movies_helper.rb": {
        "lines": [
          1,
          null
        ],
        "branches": {}
      },
      "/Users/shaohuali/local/courses/csci3100_SoftwareEngineering/course_csci3100_software_engineering/2026spring/demo/08-TDD/moovover/app/models/shipping_calculator.rb": {
        "lines": [
          1,
          1,
          2,
          1,
          null,
          1,
          null,
          null,
          null
        ],
        "branches": {
          "[:if, 0, 3, 4, 7, 7]": {
            "[:then, 1, 4, 6, 4, 18]": 1,
            "[:else, 2, 6, 6, 6, 18]": 1
          }
        }
      },
      "/Users/shaohuali/local/courses/csci3100_SoftwareEngineering/course_csci3100_software_engineering/2026spring/demo/08-TDD/moovover/app/channels/application_cable/channel.rb": {
        "lines": [
          0,
          0,
          0,
          0
        ],
        "branches": {}
      },
      "/Users/shaohuali/local/courses/csci3100_SoftwareEngineering/course_csci3100_software_engineering/2026spring/demo/08-TDD/moovover/app/channels/application_cable/connection.rb": {
        "lines": [
          0,
          0,
          0,
          0
        ],
        "branches": {}
      },
      "/Users/shaohuali/local/courses/csci3100_SoftwareEngineering/course_csci3100_software_engineering/2026spring/demo/08-TDD/moovover/app/controllers/application_controller.rb": {
        "lines": [
          0,
          null,
          null,
          null,
          null,
          null,
          null,
          null,
          null,
          0,
          null,
          0,
          null,
          null,
          null,
          null,
          null,
          0,
          0,
          0,
          0,
          null,
          0,
          null,
          null,
          0,
          0,
          0,
          null,
          0,
          0,
          0,
          0
        ],
        "branches": {}
      },
      "/Users/shaohuali/local/courses/csci3100_SoftwareEngineering/course_csci3100_software_engineering/2026spring/demo/08-TDD/moovover/app/controllers/movies_controller.rb": {
        "lines": [
          null,
          null,
          null,
          null,
          null,
          null,
          null,
          null,
          null,
          null,
          null,
          null,
          null,
          null,
          null,
          null,
          null,
          null,
          0,
          0,
          null,
          null,
          0,
          0,
          0,
          null,
          null,
          null,
          null,
          null,
          null,
          null,
          null,
          null,
          null,
          null,
          null,
          null,
          null,
          null,
          0,
          0,
          null,
          null,
          null,
          null,
          null,
          null,
          null,
          null,
          null,
          null,
          null,
          null,
          null,
          null,
          null,
          null,
          0,
          0,
          0,
          0,
          0,
          null,
          null,
          0,
          0,
          0,
          null,
          null,
          0,
          0,
          null,
          null,
          0,
          0,
          0,
          null,
          0,
          0,
          0,
          0,
          0,
          0,
          0,
          0,
          0,
          0,
          null,
          null,
          0,
          0,
          0,
          0,
          0,
          0,
          0,
          0,
          0,
          0,
          0,
          null,
          null,
          0,
          0,
          null,
          0,
          0,
          0,
          0,
          0,
          null,
          0,
          null,
          0,
          0,
          0,
          null,
          null,
          0,
          0,
          0,
          0
        ],
        "branches": {}
      },
      "/Users/shaohuali/local/courses/csci3100_SoftwareEngineering/course_csci3100_software_engineering/2026spring/demo/08-TDD/moovover/app/controllers/reviews_controller.rb": {
        "lines": [
          null,
          null,
          0,
          null,
          null,
          null,
          null,
          null,
          0,
          0,
          0,
          null,
          null,
          0,
          0,
          0,
          null,
          null,
          0,
          0,
          null,
          null,
          0,
          null,
          0,
          null,
          0,
          null,
          0,
          null,
          null,
          0,
          null,
          0,
          null,
          0,
          0,
          null,
          0,
          0,
          0,
          0,
          0,
          0,
          0,
          null,
          null,
          0,
          0,
          null,
          null,
          0,
          0,
          0,
          0,
          0,
          0,
          0,
          0,
          null,
          null,
          0,
          0,
          0,
          0,
          0,
          null,
          0,
          null,
          null,
          null,
          null,
          null,
          0,
          0,
          0,
          0,
          0,
          null,
          0,
          0,
          0,
          0,
          0,
          null,
          0,
          0,
          0,
          null,
          null,
          null,
          0,
          null,
          0,
          0,
          0,
          null,
          null,
          0
        ],
        "branches": {}
      },
      "/Users/shaohuali/local/courses/csci3100_SoftwareEngineering/course_csci3100_software_engineering/2026spring/demo/08-TDD/moovover/app/controllers/sessions_controller.rb": {
        "lines": [
          null,
          null,
          null,
          0,
          null,
          0,
          null,
          null,
          0,
          null,
          0,
          null,
          null,
          null,
          null,
          0,
          0,
          null,
          0,
          0,
          0,
          0,
          0,
          0,
          0,
          0,
          0,
          0,
          null,
          null,
          0,
          0,
          0,
          0,
          0,
          null,
          null,
          0,
          0,
          0,
          0,
          0
        ],
        "branches": {}
      },
      "/Users/shaohuali/local/courses/csci3100_SoftwareEngineering/course_csci3100_software_engineering/2026spring/demo/08-TDD/moovover/app/jobs/application_job.rb": {
        "lines": [
          0,
          null,
          null,
          null,
          null,
          null,
          0
        ],
        "branches": {}
      },
      "/Users/shaohuali/local/courses/csci3100_SoftwareEngineering/course_csci3100_software_engineering/2026spring/demo/08-TDD/moovover/app/mailers/application_mailer.rb": {
        "lines": [
          0,
          0,
          0,
          0
        ],
        "branches": {}
      },
      "/Users/shaohuali/local/courses/csci3100_SoftwareEngineering/course_csci3100_software_engineering/2026spring/demo/08-TDD/moovover/app/models/application_record.rb": {
        "lines": [
          0,
          0,
          0
        ],
        "branches": {}
      },
      "/Users/shaohuali/local/courses/csci3100_SoftwareEngineering/course_csci3100_software_engineering/2026spring/demo/08-TDD/moovover/app/models/movie.rb": {
        "lines": [
          0,
          0,
          0,
          null,
          null,
          null,
          null,
          null,
          0,
          null,
          null,
          0,
          null,
          null,
          0,
          null,
          null,
          0,
          0,
          null,
          null,
          0,
          null,
          null,
          null,
          0,
          0,
          null,
          null,
          null,
          null,
          null,
          null,
          0,
          0,
          0,
          null,
          0,
          0,
          0,
          0,
          0,
          null,
          0,
          0,
          0,
          0,
          0,
          null,
          0,
          0,
          0,
          0,
          0,
          null,
          null,
          null,
          null,
          null,
          0,
          0,
          0,
          null,
          null,
          null,
          null,
          null,
          null,
          0,
          0,
          0,
          null,
          0,
          null,
          0,
          0,
          0,
          null,
          null,
          0,
          0,
          0,
          0,
          0,
          0,
          null,
          null,
          0,
          0,
          0,
          0
        ],
        "branches": {}
      },
      "/Users/shaohuali/local/courses/csci3100_SoftwareEngineering/course_csci3100_software_engineering/2026spring/demo/08-TDD/moovover/app/models/moviegoer.rb": {
        "lines": [
          0,
          0,
          0,
          null,
          null,
          0,
          0,
          0,
          null,
          null,
          0,
          0,
          0,
          0,
          0,
          0,
          0
        ],
        "branches": {}
      },
      "/Users/shaohuali/local/courses/csci3100_SoftwareEngineering/course_csci3100_software_engineering/2026spring/demo/08-TDD/moovover/app/models/review.rb": {
        "lines": [
          0,
          null,
          null,
          0,
          0,
          null,
          null,
          0,
          0,
          0,
          0,
          null,
          null,
          0,
          0,
          0
        ],
        "branches": {}
      }
    },
    "timestamp": 1773634487
  }
}
